<?xml version="1.0" encoding="UTF-8"?>
<!-- Generated by org.testng.reporters.JUnitReportReporter -->
<testsuite skipped="0" hostname="LAPTOP-HKG3O693" name="Inn.Tweeter.Tweet" tests="1" failures="0" timestamp="2019-12-12T12:36:38 IST" time="2.511" errors="0">
  <testcase name="toPostTweet" time="2.511" classname="Inn.Tweeter.Tweet"/>
</testsuite> <!-- Inn.Tweeter.Tweet -->
