<?xml version="1.0" encoding="UTF-8"?>
<!-- Generated by org.testng.reporters.JUnitReportReporter -->
<testsuite skipped="0" hostname="LAPTOP-HKG3O693" name="Inn.Tweeter.ToTweet" tests="1" failures="0" timestamp="2019-12-12T13:01:42 IST" time="3.032" errors="0">
  <testcase name="toGetTweet" time="3.032" classname="Inn.Tweeter.ToTweet"/>
</testsuite> <!-- Inn.Tweeter.ToTweet -->
