<?xml version="1.0" encoding="UTF-8"?>
<!-- Generated by org.testng.reporters.JUnitReportReporter -->
<testsuite skipped="0" hostname="LAPTOP-HKG3O693" name="Inn.Tweeter.ToTweetGetTweetAndDeleteTweet" tests="1" failures="0" timestamp="2019-12-12T12:21:39 IST" time="4.082" errors="0">
  <testcase name="toGetTweet" time="4.082" classname="Inn.Tweeter.ToTweetGetTweetAndDeleteTweet"/>
</testsuite> <!-- Inn.Tweeter.ToTweetGetTweetAndDeleteTweet -->
